[pysteg.jpeg] $Id: __init__.py 2204 2011-04-05 11:43:38Z georg $
w0:(5, 5, 1, 25)
conv0_s_1:Tensor("conv0/sub_1:0", shape=(64, 256, 256, 25), dtype=float32)
pool3_s_1:(64, 512)
training: batch result
epoch: 100
loss: 0.694334
accuracy: 0.5
 
training: batch result
epoch: 200
loss: 0.692848
accuracy: 0.5
 
training: batch result
epoch: 300
loss: 0.69321
accuracy: 0.5
 
training: batch result
epoch: 400
loss: 0.692606
accuracy: 0.515625
 
training: batch result
epoch: 500
loss: 0.691422
accuracy: 0.515625
 
training: batch result
epoch: 600
loss: 0.69224
accuracy: 0.5
 
training: batch result
epoch: 700
loss: 0.689556
accuracy: 0.59375
 
training: batch result
epoch: 800
loss: 0.688027
accuracy: 0.546875
 
training: batch result
epoch: 900
loss: 0.69004
accuracy: 0.53125
 
training: batch result
epoch: 1000
loss: 0.687797
accuracy: 0.546875
 
training: batch result
epoch: 1100
loss: 0.690698
accuracy: 0.53125
 
training: batch result
epoch: 1200
loss: 0.685247
accuracy: 0.515625
 
training: batch result
epoch: 1300
loss: 0.689473
accuracy: 0.546875
 
training: batch result
epoch: 1400
loss: 0.67998
accuracy: 0.5625
 
training: batch result
epoch: 1500
loss: 0.69277
accuracy: 0.53125
 
training: batch result
epoch: 1600
loss: 0.678502
accuracy: 0.59375
 
training: batch result
epoch: 1700
loss: 0.683593
accuracy: 0.5625
 
training: batch result
epoch: 1800
loss: 0.683101
accuracy: 0.578125
 
training: batch result
epoch: 1900
loss: 0.678867
accuracy: 0.5625
 
training: batch result
epoch: 2000
loss: 0.675096
accuracy: 0.578125
 
training: batch result
epoch: 2100
loss: 0.666215
accuracy: 0.609375
 
training: batch result
epoch: 2200
loss: 0.682733
accuracy: 0.53125
 
training: batch result
epoch: 2300
loss: 0.681931
accuracy: 0.546875
 
training: batch result
epoch: 2400
loss: 0.67833
accuracy: 0.578125
 
training: batch result
epoch: 2500
loss: 0.686742
accuracy: 0.5625
 
training: batch result
epoch: 2600
loss: 0.674633
accuracy: 0.5625
 
training: batch result
epoch: 2700
loss: 0.681037
accuracy: 0.59375
 
training: batch result
epoch: 2800
loss: 0.678462
accuracy: 0.609375
 
training: batch result
epoch: 2900
loss: 0.675053
accuracy: 0.609375
 
training: batch result
epoch: 3000
loss: 0.670309
accuracy: 0.59375
 
training: batch result
epoch: 3100
loss: 0.675591
accuracy: 0.515625
 
training: batch result
epoch: 3200
loss: 0.687466
accuracy: 0.515625
 
training: batch result
epoch: 3300
loss: 0.667234
accuracy: 0.59375
 
training: batch result
epoch: 3400
loss: 0.664175
accuracy: 0.625
 
training: batch result
epoch: 3500
loss: 0.675139
accuracy: 0.59375
 
training: batch result
epoch: 3600
loss: 0.675309
accuracy: 0.546875
 
training: batch result
epoch: 3700
loss: 0.677088
accuracy: 0.578125
 
training: batch result
epoch: 3800
loss: 0.675616
accuracy: 0.609375
 
training: batch result
epoch: 3900
loss: 0.66197
accuracy: 0.59375
 
training: batch result
epoch: 4000
loss: 0.670324
accuracy: 0.5625
 
training: batch result
epoch: 4100
loss: 0.660905
accuracy: 0.578125
 
training: batch result
epoch: 4200
loss: 0.645772
accuracy: 0.65625
 
training: batch result
epoch: 4300
loss: 0.6665
accuracy: 0.546875
 
training: batch result
epoch: 4400
loss: 0.670519
accuracy: 0.546875
 
training: batch result
epoch: 4500
loss: 0.661322
accuracy: 0.609375
 
training: batch result
epoch: 4600
loss: 0.682572
accuracy: 0.578125
 
training: batch result
epoch: 4700
loss: 0.649162
accuracy: 0.640625
 
training: batch result
epoch: 4800
loss: 0.663147
accuracy: 0.59375
 
training: batch result
epoch: 4900
loss: 0.666845
accuracy: 0.578125
 
training: batch result
epoch: 5000
loss: 0.679013
accuracy: 0.5625
 
training: batch result
epoch: 5100
loss: 0.669652
accuracy: 0.5625
 
training: batch result
epoch: 5200
loss: 0.66392
accuracy: 0.59375
 
training: batch result
epoch: 5300
loss: 0.690329
accuracy: 0.546875
 
training: batch result
epoch: 5400
loss: 0.66027
accuracy: 0.5625
 
training: batch result
epoch: 5500
loss: 0.661157
accuracy: 0.5625
 
training: batch result
epoch: 5600
loss: 0.655207
accuracy: 0.625
 
training: batch result
epoch: 5700
loss: 0.6738
accuracy: 0.609375
 
training: batch result
epoch: 5800
loss: 0.659635
accuracy: 0.59375
 
training: batch result
epoch: 5900
loss: 0.655835
accuracy: 0.625
 
training: batch result
epoch: 6000
loss: 0.659061
accuracy: 0.609375
 
training: batch result
epoch: 6100
loss: 0.672126
accuracy: 0.546875
 
training: batch result
epoch: 6200
loss: 0.666244
accuracy: 0.609375
 
training: batch result
epoch: 6300
loss: 0.68002
accuracy: 0.5625
 
training: batch result
epoch: 6400
loss: 0.660391
accuracy: 0.59375
 
training: batch result
epoch: 6500
loss: 0.672609
accuracy: 0.578125
 
training: batch result
epoch: 6600
loss: 0.671892
accuracy: 0.59375
 
training: batch result
epoch: 6700
loss: 0.64537
accuracy: 0.625
 
training: batch result
epoch: 6800
loss: 0.655031
accuracy: 0.640625
 
training: batch result
epoch: 6900
loss: 0.676936
accuracy: 0.5625
 
training: batch result
epoch: 7000
loss: 0.672565
accuracy: 0.5625
 
training: batch result
epoch: 7100
loss: 0.645185
accuracy: 0.59375
 
training: batch result
epoch: 7200
loss: 0.643025
accuracy: 0.5625
 
training: batch result
epoch: 7300
loss: 0.647107
accuracy: 0.59375
 
training: batch result
epoch: 7400
loss: 0.664193
accuracy: 0.546875
 
training: batch result
epoch: 7500
loss: 0.642673
accuracy: 0.625
 
training: batch result
epoch: 7600
loss: 0.64278
accuracy: 0.609375
 
training: batch result
epoch: 7700
loss: 0.683359
accuracy: 0.59375
 
training: batch result
epoch: 7800
loss: 0.644932
accuracy: 0.546875
 
training: batch result
epoch: 7900
loss: 0.656774
accuracy: 0.578125
 
training: batch result
epoch: 8000
loss: 0.644274
accuracy: 0.671875
 
training: batch result
epoch: 8100
loss: 0.642019
accuracy: 0.625
 
training: batch result
epoch: 8200
loss: 0.656048
accuracy: 0.578125
 
training: batch result
epoch: 8300
loss: 0.649692
accuracy: 0.5625
 
training: batch result
epoch: 8400
loss: 0.629001
accuracy: 0.625
 
training: batch result
epoch: 8500
loss: 0.654299
accuracy: 0.65625
 
training: batch result
epoch: 8600
loss: 0.685119
accuracy: 0.578125
 
training: batch result
epoch: 8700
loss: 0.651603
accuracy: 0.59375
 
training: batch result
epoch: 8800
loss: 0.640677
accuracy: 0.609375
 
training: batch result
epoch: 8900
loss: 0.642038
accuracy: 0.625
 
training: batch result
epoch: 9000
loss: 0.621493
accuracy: 0.609375
 
